# JRE version: Java(TM) SE Runtime Environment (7.0_60-b19) (build 1.7.0_60-b19)
# Java VM: Java HotSpot(TM) 64-Bit Server VM (24.60-b09 mixed mode linux-amd64 compressed oops)
Heap
 PSYoungGen      total 295936K, used 24278K [0x00000000eaa80000, 0x0000000100000000, 0x0000000100000000)
  eden space 272896K, 8% used [0x00000000eaa80000,0x00000000ec235858,0x00000000fb500000)
  from space 23040K, 0% used [0x00000000fb500000,0x00000000fb500000,0x00000000fcb80000)
  to   space 39424K, 0% used [0x00000000fd980000,0x00000000fd980000,0x0000000100000000)
 ParOldGen       total 85504K, used 85442K [0x00000000c0000000, 0x00000000c5380000, 0x00000000eaa80000)
  object space 85504K, 99% used [0x00000000c0000000,0x00000000c5370838,0x00000000c5380000)
 PSPermGen       total 124416K, used 103779K [0x00000000b0000000, 0x00000000b7980000, 0x00000000c0000000)
  object space 124416K, 83% used [0x00000000b0000000,0x00000000b6558c90,0x00000000b7980000)
GC Heap History (10 events):
Event: 3852.426 GC heap after
Heap after GC invocations=19 (full 5):
 PSYoungGen      total 295936K, used 22680K [0x00000000eaa80000, 0x0000000100000000, 0x0000000100000000)
  eden space 272896K, 0% used [0x00000000eaa80000,0x00000000eaa80000,0x00000000fb500000)
  from space 23040K, 98% used [0x00000000fe980000,0x00000000fffa62c8,0x0000000100000000)
  to   space 38400K, 0% used [0x00000000fb500000,0x00000000fb500000,0x00000000fda80000)
 ParOldGen       total 85504K, used 57064K [0x00000000c0000000, 0x00000000c5380000, 0x00000000eaa80000)
  object space 85504K, 66% used [0x00000000c0000000,0x00000000c37ba2f0,0x00000000c5380000)
 PSPermGen       total 112128K, used 80447K [0x00000000b0000000, 0x00000000b6d80000, 0x00000000c0000000)
  object space 112128K, 71% used [0x00000000b0000000,0x00000000b4e8fd28,0x00000000b6d80000)
}
Event: 3852.426 GC heap before
{Heap before GC invocations=20 (full 6):
 PSYoungGen      total 295936K, used 22680K [0x00000000eaa80000, 0x0000000100000000, 0x0000000100000000)
  eden space 272896K, 0% used [0x00000000eaa80000,0x00000000eaa80000,0x00000000fb500000)
  from space 23040K, 98% used [0x00000000fe980000,0x00000000fffa62c8,0x0000000100000000)
  to   space 38400K, 0% used [0x00000000fb500000,0x00000000fb500000,0x00000000fda80000)
 ParOldGen       total 85504K, used 57064K [0x00000000c0000000, 0x00000000c5380000, 0x00000000eaa80000)
  object space 85504K, 66% used [0x00000000c0000000,0x00000000c37ba2f0,0x00000000c5380000)
 PSPermGen       total 112128K, used 80447K [0x00000000b0000000, 0x00000000b6d80000, 0x00000000c0000000)
  object space 112128K, 71% used [0x00000000b0000000,0x00000000b4e8fd28,0x00000000b6d80000)
Event: 3853.534 GC heap after
Heap after GC invocations=20 (full 6):
 PSYoungGen      total 295936K, used 0K [0x00000000eaa80000, 0x0000000100000000, 0x0000000100000000)
  eden space 272896K, 0% used [0x00000000eaa80000,0x00000000eaa80000,0x00000000fb500000)
  from space 23040K, 0% used [0x00000000fe980000,0x00000000fe980000,0x0000000100000000)
  to   space 38400K, 0% used [0x00000000fb500000,0x00000000fb500000,0x00000000fda80000)
 ParOldGen       total 85504K, used 59999K [0x00000000c0000000, 0x00000000c5380000, 0x00000000eaa80000)
  object space 85504K, 70% used [0x00000000c0000000,0x00000000c3a97e88,0x00000000c5380000)
 PSPermGen       total 116224K, used 79982K [0x00000000b0000000, 0x00000000b7180000, 0x00000000c0000000)
  object space 116224K, 68% used [0x00000000b0000000,0x00000000b4e1bbf0,0x00000000b7180000)
}
Event: 3975.670 GC heap before
{Heap before GC invocations=21 (full 6):
 PSYoungGen      total 295936K, used 180820K [0x00000000eaa80000, 0x0000000100000000, 0x0000000100000000)
  eden space 272896K, 66% used [0x00000000eaa80000,0x00000000f5b151d0,0x00000000fb500000)
  from space 23040K, 0% used [0x00000000fe980000,0x00000000fe980000,0x0000000100000000)
  to   space 38400K, 0% used [0x00000000fb500000,0x00000000fb500000,0x00000000fda80000)
 ParOldGen       total 85504K, used 59999K [0x00000000c0000000, 0x00000000c5380000, 0x00000000eaa80000)
  object space 85504K, 70% used [0x00000000c0000000,0x00000000c3a97e88,0x00000000c5380000)
 PSPermGen       total 116224K, used 86897K [0x00000000b0000000, 0x00000000b7180000, 0x00000000c0000000)
  object space 116224K, 74% used [0x00000000b0000000,0x00000000b54dc7c8,0x00000000b7180000)
Event: 3975.894 GC heap after
Heap after GC invocations=21 (full 6):
 PSYoungGen      total 295936K, used 22823K [0x00000000eaa80000, 0x0000000100000000, 0x0000000100000000)
  eden space 272896K, 0% used [0x00000000eaa80000,0x00000000eaa80000,0x00000000fb500000)
  from space 23040K, 99% used [0x00000000fb500000,0x00000000fcb49cc8,0x00000000fcb80000)
  to   space 39424K, 0% used [0x00000000fd980000,0x00000000fd980000,0x0000000100000000)
 ParOldGen       total 85504K, used 59999K [0x00000000c0000000, 0x00000000c5380000, 0x00000000eaa80000)
  object space 85504K, 70% used [0x00000000c0000000,0x00000000c3a97e88,0x00000000c5380000)
 PSPermGen       total 116224K, used 86897K [0x00000000b0000000, 0x00000000b7180000, 0x00000000c0000000)
  object space 116224K, 74% used [0x00000000b0000000,0x00000000b54dc7c8,0x00000000b7180000)
}
Event: 3975.894 GC heap before
{Heap before GC invocations=22 (full 7):
 PSYoungGen      total 295936K, used 22823K [0x00000000eaa80000, 0x0000000100000000, 0x0000000100000000)
  eden space 272896K, 0% used [0x00000000eaa80000,0x00000000eaa80000,0x00000000fb500000)
  from space 23040K, 99% used [0x00000000fb500000,0x00000000fcb49cc8,0x00000000fcb80000)
  to   space 39424K, 0% used [0x00000000fd980000,0x00000000fd980000,0x0000000100000000)
 ParOldGen       total 85504K, used 59999K [0x00000000c0000000, 0x00000000c5380000, 0x00000000eaa80000)
  object space 85504K, 70% used [0x00000000c0000000,0x00000000c3a97e88,0x00000000c5380000)
 PSPermGen       total 116224K, used 86897K [0x00000000b0000000, 0x00000000b7180000, 0x00000000c0000000)
  object space 116224K, 74% used [0x00000000b0000000,0x00000000b54dc7c8,0x00000000b7180000)
Event: 3976.955 GC heap after
Heap after GC invocations=22 (full 7):
 PSYoungGen      total 295936K, used 0K [0x00000000eaa80000, 0x0000000100000000, 0x0000000100000000)
  eden space 272896K, 0% used [0x00000000eaa80000,0x00000000eaa80000,0x00000000fb500000)
  from space 23040K, 0% used [0x00000000fb500000,0x00000000fb500000,0x00000000fcb80000)
  to   space 39424K, 0% used [0x00000000fd980000,0x00000000fd980000,0x0000000100000000)
 ParOldGen       total 85504K, used 76188K [0x00000000c0000000, 0x00000000c5380000, 0x00000000eaa80000)
  object space 85504K, 89% used [0x00000000c0000000,0x00000000c4a67398,0x00000000c5380000)
 PSPermGen       total 120320K, used 86894K [0x00000000b0000000, 0x00000000b7580000, 0x00000000c0000000)
  object space 120320K, 72% used [0x00000000b0000000,0x00000000b54db990,0x00000000b7580000)
}
Event: 4408.761 GC heap before
{Heap before GC invocations=23 (full 8):
 PSYoungGen      total 295936K, used 160916K [0x00000000eaa80000, 0x0000000100000000, 0x0000000100000000)
  eden space 272896K, 58% used [0x00000000eaa80000,0x00000000f47a50b0,0x00000000fb500000)
  from space 23040K, 0% used [0x00000000fb500000,0x00000000fb500000,0x00000000fcb80000)
  to   space 39424K, 0% used [0x00000000fd980000,0x00000000fd980000,0x0000000100000000)
 ParOldGen       total 85504K, used 76188K [0x00000000c0000000, 0x00000000c5380000, 0x00000000eaa80000)
  object space 85504K, 89% used [0x00000000c0000000,0x00000000c4a67398,0x00000000c5380000)
 PSPermGen       total 120320K, used 93291K [0x00000000b0000000, 0x00000000b7580000, 0x00000000c0000000)
  object space 120320K, 77% used [0x00000000b0000000,0x00000000b5b1ae50,0x00000000b7580000)
Event: 4410.273 GC heap after
Heap after GC invocations=23 (full 8):
 PSYoungGen      total 295936K, used 6302K [0x00000000eaa80000, 0x0000000100000000, 0x0000000100000000)
  eden space 272896K, 2% used [0x00000000eaa80000,0x00000000eb0a78b8,0x00000000fb500000)
  from space 23040K, 0% used [0x00000000fb500000,0x00000000fb500000,0x00000000fcb80000)
  to   space 39424K, 0% used [0x00000000fd980000,0x00000000fd980000,0x0000000100000000)
 ParOldGen       total 85504K, used 85459K [0x00000000c0000000, 0x00000000c5380000, 0x00000000eaa80000)
  object space 85504K, 99% used [0x00000000c0000000,0x00000000c5374ce0,0x00000000c5380000)
 PSPermGen       total 124416K, used 93288K [0x00000000b0000000, 0x00000000b7980000, 0x00000000c0000000)
  object space 124416K, 74% used [0x00000000b0000000,0x00000000b5b1a118,0x00000000b7980000)
}
Event: 4474.066 GC heap before
{Heap before GC invocations=24 (full 9):
 PSYoungGen      total 295936K, used 272896K [0x00000000eaa80000, 0x0000000100000000, 0x0000000100000000)
  eden space 272896K, 100% used [0x00000000eaa80000,0x00000000fb500000,0x00000000fb500000)
  from space 23040K, 0% used [0x00000000fb500000,0x00000000fb500000,0x00000000fcb80000)
  to   space 39424K, 0% used [0x00000000fd980000,0x00000000fd980000,0x0000000100000000)
 ParOldGen       total 85504K, used 85459K [0x00000000c0000000, 0x00000000c5380000, 0x00000000eaa80000)
  object space 85504K, 99% used [0x00000000c0000000,0x00000000c5374ce0,0x00000000c5380000)
 PSPermGen       total 124416K, used 104319K [0x00000000b0000000, 0x00000000b7980000, 0x00000000c0000000)
  object space 124416K, 83% used [0x00000000b0000000,0x00000000b65dfce8,0x00000000b7980000)

